19/07/2016 19:16:47,95 *** Vinicius Quaiato and Alexandre Chohfi 
19/07/2016 19:22:30,99 *** Giggio and Chohfi 
19/07/2016 19:27:47,14 *** Vanessa and Giggio 
19/07/2016 19:33:07,64 *** Mud and Vanessa 
19/07/2016 19:38:36,10 *** Marcela and Mud 
19/07/2016 19:44:10,52 *** quaiato and Marcela 
19/07/2016 19:49:33,54 *** Erika and quaiato 
19/07/2016 19:54:54,01 *** Chohfi and Erika 
19/07/2016 20:00:09,35 *** vanessa and Chohfi 
19/07/2016 20:05:24,99 *** Giggio and vanessa 
19/07/2016 20:10:49,01 *** Rodrigo and Giggio 
19/07/2016 20:16:11,76 *** Mud and Rodrigo 
19/07/2016 20:21:40,91 *** Erika and Mud 
19/07/2016 20:27:58,25 *** Marcela and Erika 
19/07/2016 20:39:23,04 *** Mud and Marcela 
19/07/2016 20:46:30,05 *** Rodrigo and Mud 
19/07/2016 20:51:48,46 *** Quaiato and Rodrigo 
19/07/2016 20:56:59,06 *** Mud and Quaiato 
19/07/2016 21:02:20,20 *** Rodrigo and Mud 
19/07/2016 21:07:42,58 *** Quaiato and Rodrigo 
19/07/2016 21:12:53,18 *** Mud and Quaiato 
19/07/2016 21:25:22,69 *** Quaiato and Mud 
